
=== ℱ=1 (1/10) ===
  N=2 (1/20) [0.1s] dt_min=0.0455729
  N=4 (2/20) [0.4s] dt_min=0.0242278
  N=6 (3/20) [0.7s] dt_min=0.0164001
  N=8 (4/20) [3.2s] dt_min=0.0127284
  N=10 (5/20) [3.0s] dt_min=0.0105025
  N=12 (6/20) [4.6s] dt_min=0.00903362
  N=14 (7/20) [7.2s] dt_min=0.00797966
  N=16 (8/20) [11.9s] dt_min=0.00719159
  N=18 (9/20) [19.1s] dt_min=0.00658784
  N=20 (10/20) [27.5s] dt_min=0.00612384
  N=22 (11/20) [14.6s] dt_min=0.00582726
  N=24 (12/20) [15.1s] dt_min=0.00559106
  N=26 (13/20) [14.9s] dt_min=0.00540039
  N=28 (14/20) [15.4s] dt_min=0.00524471
  N=30 (15/20) [14.9s] dt_min=0.00511637
/home/miguel/Git/notebooks/reports/20260629/cavity_enhanced_tmsv_mzi.py:130: UserWarning: TMSV truncation at M=100 captures only 0.9989 of the total norm (target mean_total=32.0). Increase max_photons.
  state = make_two_mode_squeezed_vacuum(mean_total, max_photons)
  N=32 (16/20) [14.7s] dt_min=0.00500969
/home/miguel/Git/notebooks/reports/20260629/cavity_enhanced_tmsv_mzi.py:130: UserWarning: TMSV truncation at M=100 captures only 0.9984 of the total norm (target mean_total=34.0). Increase max_photons.
  state = make_two_mode_squeezed_vacuum(mean_total, max_photons)
  N=34 (17/20) [14.8s] dt_min=0.00492042
/home/miguel/Git/notebooks/reports/20260629/cavity_enhanced_tmsv_mzi.py:130: UserWarning: TMSV truncation at M=100 captures only 0.9979 of the total norm (target mean_total=36.0). Increase max_photons.
  state = make_two_mode_squeezed_vacuum(mean_total, max_photons)
  N=36 (18/20) [14.6s] dt_min=0.00484525
/home/miguel/Git/notebooks/reports/20260629/cavity_enhanced_tmsv_mzi.py:130: UserWarning: TMSV truncation at M=100 captures only 0.9972 of the total norm (target mean_total=38.0). Increase max_photons.
  state = make_two_mode_squeezed_vacuum(mean_total, max_photons)
  N=38 (19/20) [14.5s] dt_min=0.00478164
/home/miguel/Git/notebooks/reports/20260629/cavity_enhanced_tmsv_mzi.py:130: UserWarning: TMSV truncation at M=100 captures only 0.9964 of the total norm (target mean_total=40.0). Increase max_photons.
  state = make_two_mode_squeezed_vacuum(mean_total, max_photons)
  N=40 (20/20) [15.1s] dt_min=0.00472759
  Saved partial F=1 to reports/20260629/raw_data/partial/F1.parquet
  ℱ=1 total: 227.9s (3.8m)

=== ℱ=2 (2/10) ===
  N=2 (1/20) [0.9s] dt_min=0.0227865
  N=4 (2/20) [0.6s] dt_min=0.0121139
  N=6 (3/20) [0.4s] dt_min=0.00820004
  N=8 (4/20) [0.9s] dt_min=0.00636422
  N=10 (5/20) [1.8s] dt_min=0.00525127
  N=12 (6/20) [2.9s] dt_min=0.00451681
  N=14 (7/20) [4.7s] dt_min=0.00398983
  N=16 (8/20) [9.6s] dt_min=0.00359579
  N=18 (9/20) [12.5s] dt_min=0.00329392
  N=20 (10/20) [16.7s] dt_min=0.00306192
  N=22 (11/20) [16.3s] dt_min=0.00291363
  N=24 (12/20) [16.7s] dt_min=0.00279553
  N=26 (13/20) [16.2s] dt_min=0.00270019
  N=28 (14/20) [16.2s] dt_min=0.00262235
  N=30 (15/20) [16.4s] dt_min=0.00255818
/home/miguel/Git/notebooks/reports/20260629/cavity_enhanced_tmsv_mzi.py:130: UserWarning: TMSV truncation at M=100 captures only 0.9989 of the total norm (target mean_total=32.0). Increase max_photons.
  state = make_two_mode_squeezed_vacuum(mean_total, max_photons)
  N=32 (16/20) [16.1s] dt_min=0.00250485
/home/miguel/Git/notebooks/reports/20260629/cavity_enhanced_tmsv_mzi.py:130: UserWarning: TMSV truncation at M=100 captures only 0.9984 of the total norm (target mean_total=34.0). Increase max_photons.
  state = make_two_mode_squeezed_vacuum(mean_total, max_photons)
  N=34 (17/20) [15.0s] dt_min=0.00246021
/home/miguel/Git/notebooks/reports/20260629/cavity_enhanced_tmsv_mzi.py:130: UserWarning: TMSV truncation at M=100 captures only 0.9979 of the total norm (target mean_total=36.0). Increase max_photons.
  state = make_two_mode_squeezed_vacuum(mean_total, max_photons)
  N=36 (18/20) [14.9s] dt_min=0.00242262
/home/miguel/Git/notebooks/reports/20260629/cavity_enhanced_tmsv_mzi.py:130: UserWarning: TMSV truncation at M=100 captures only 0.9972 of the total norm (target mean_total=38.0). Increase max_photons.
  state = make_two_mode_squeezed_vacuum(mean_total, max_photons)
  N=38 (19/20) [14.9s] dt_min=0.00239082
/home/miguel/Git/notebooks/reports/20260629/cavity_enhanced_tmsv_mzi.py:130: UserWarning: TMSV truncation at M=100 captures only 0.9964 of the total norm (target mean_total=40.0). Increase max_photons.
  state = make_two_mode_squeezed_vacuum(mean_total, max_photons)
  N=40 (20/20) [14.9s] dt_min=0.00236379
  Saved partial F=2 to reports/20260629/raw_data/partial/F2.parquet
  ℱ=2 total: 210.3s (3.5m)

=== ℱ=5 (3/10) ===
  N=2 (1/20) [0.8s] dt_min=0.00911458
  N=4 (2/20) [0.9s] dt_min=0.00484556
  N=6 (3/20) [0.5s] dt_min=0.00328002
  N=8 (4/20) [1.0s] dt_min=0.00254569
  N=10 (5/20) [1.8s] dt_min=0.00210051
  N=12 (6/20) [3.0s] dt_min=0.00180672
  N=14 (7/20) [4.5s] dt_min=0.00159593
  N=16 (8/20) [9.5s] dt_min=0.00143832
  N=18 (9/20) [12.2s] dt_min=0.00131757
  N=20 (10/20) [16.6s] dt_min=0.00122477
  N=22 (11/20) [16.8s] dt_min=0.00116545
  N=24 (12/20) [16.0s] dt_min=0.00111821
  N=26 (13/20) [16.0s] dt_min=0.00108008
  N=28 (14/20) [16.1s] dt_min=0.00104894
  N=30 (15/20) [16.1s] dt_min=0.00102327
/home/miguel/Git/notebooks/reports/20260629/cavity_enhanced_tmsv_mzi.py:130: UserWarning: TMSV truncation at M=100 captures only 0.9989 of the total norm (target mean_total=32.0). Increase max_photons.
  state = make_two_mode_squeezed_vacuum(mean_total, max_photons)
  N=32 (16/20) [16.7s] dt_min=0.00100194
/home/miguel/Git/notebooks/reports/20260629/cavity_enhanced_tmsv_mzi.py:130: UserWarning: TMSV truncation at M=100 captures only 0.9984 of the total norm (target mean_total=34.0). Increase max_photons.
  state = make_two_mode_squeezed_vacuum(mean_total, max_photons)
  N=34 (17/20) [16.4s] dt_min=0.000984084
/home/miguel/Git/notebooks/reports/20260629/cavity_enhanced_tmsv_mzi.py:130: UserWarning: TMSV truncation at M=100 captures only 0.9979 of the total norm (target mean_total=36.0). Increase max_photons.
  state = make_two_mode_squeezed_vacuum(mean_total, max_photons)
  N=36 (18/20) [15.0s] dt_min=0.00096905
/home/miguel/Git/notebooks/reports/20260629/cavity_enhanced_tmsv_mzi.py:130: UserWarning: TMSV truncation at M=100 captures only 0.9972 of the total norm (target mean_total=38.0). Increase max_photons.
  state = make_two_mode_squeezed_vacuum(mean_total, max_photons)
  N=38 (19/20) [15.0s] dt_min=0.000956329
/home/miguel/Git/notebooks/reports/20260629/cavity_enhanced_tmsv_mzi.py:130: UserWarning: TMSV truncation at M=100 captures only 0.9964 of the total norm (target mean_total=40.0). Increase max_photons.
  state = make_two_mode_squeezed_vacuum(mean_total, max_photons)
  N=40 (20/20) [15.0s] dt_min=0.000945518
  Saved partial F=5 to reports/20260629/raw_data/partial/F5.parquet
  ℱ=5 total: 211.4s (3.5m)

=== ℱ=10 (4/10) ===
  N=2 (1/20) [1.2s] dt_min=0.00455729
  N=4 (2/20) [0.4s] dt_min=0.00242278
  N=6 (3/20) [0.4s] dt_min=0.00164001
  N=8 (4/20) [1.1s] dt_min=0.00127284
  N=10 (5/20) [1.8s] dt_min=0.00105025
  N=12 (6/20) [3.1s] dt_min=0.000903363
  N=14 (7/20) [4.6s] dt_min=0.000797967
  N=16 (8/20) [9.9s] dt_min=0.00071916
  N=18 (9/20) [12.0s] dt_min=0.000658785
  N=20 (10/20) [16.0s] dt_min=0.000612385
  N=22 (11/20) [16.0s] dt_min=0.000582727
  N=24 (12/20) [16.1s] dt_min=0.000559107
  N=26 (13/20) [16.2s] dt_min=0.00054004
  N=28 (14/20) [16.1s] dt_min=0.000524472
  N=30 (15/20) [16.5s] dt_min=0.000511638
/home/miguel/Git/notebooks/reports/20260629/cavity_enhanced_tmsv_mzi.py:130: UserWarning: TMSV truncation at M=100 captures only 0.9989 of the total norm (target mean_total=32.0). Increase max_photons.
  state = make_two_mode_squeezed_vacuum(mean_total, max_photons)
  N=32 (16/20) [16.4s] dt_min=0.000500971
/home/miguel/Git/notebooks/reports/20260629/cavity_enhanced_tmsv_mzi.py:130: UserWarning: TMSV truncation at M=100 captures only 0.9984 of the total norm (target mean_total=34.0). Increase max_photons.
  state = make_two_mode_squeezed_vacuum(mean_total, max_photons)
  N=34 (17/20) [16.4s] dt_min=0.000492043
/home/miguel/Git/notebooks/reports/20260629/cavity_enhanced_tmsv_mzi.py:130: UserWarning: TMSV truncation at M=100 captures only 0.9979 of the total norm (target mean_total=36.0). Increase max_photons.
  state = make_two_mode_squeezed_vacuum(mean_total, max_photons)
  N=36 (18/20) [15.1s] dt_min=0.000484526
/home/miguel/Git/notebooks/reports/20260629/cavity_enhanced_tmsv_mzi.py:130: UserWarning: TMSV truncation at M=100 captures only 0.9972 of the total norm (target mean_total=38.0). Increase max_photons.
  state = make_two_mode_squeezed_vacuum(mean_total, max_photons)
  N=38 (19/20) [15.2s] dt_min=0.000478165
/home/miguel/Git/notebooks/reports/20260629/cavity_enhanced_tmsv_mzi.py:130: UserWarning: TMSV truncation at M=100 captures only 0.9964 of the total norm (target mean_total=40.0). Increase max_photons.
  state = make_two_mode_squeezed_vacuum(mean_total, max_photons)
  N=40 (20/20) [15.2s] dt_min=0.00047276
  Saved partial F=10 to reports/20260629/raw_data/partial/F10.parquet
  ℱ=10 total: 211.2s (3.5m)

=== ℱ=20 (5/10) ===
  N=2 (1/20) [0.9s] dt_min=0.00227865
  N=4 (2/20) [0.2s] dt_min=0.00121139
  N=6 (3/20) [0.4s] dt_min=0.000820005
  N=8 (4/20) [1.1s] dt_min=0.000636423
  N=10 (5/20) [1.8s] dt_min=0.000525129
  N=12 (6/20) [3.0s] dt_min=0.000451683
  N=14 (7/20) [4.9s] dt_min=0.000398985
  N=16 (8/20) [10.1s] dt_min=0.000359582
  N=18 (9/20) [12.2s] dt_min=0.000329394
  N=20 (10/20) [16.2s] dt_min=0.000306194
  N=22 (11/20) [16.1s] dt_min=0.000291365
  N=24 (12/20) [16.1s] dt_min=0.000279556
  N=26 (13/20) [16.0s] dt_min=0.000270022
  N=28 (14/20) [16.2s] dt_min=0.000262238
  N=30 (15/20) [16.2s] dt_min=0.000255821
/home/miguel/Git/notebooks/reports/20260629/cavity_enhanced_tmsv_mzi.py:130: UserWarning: TMSV truncation at M=100 captures only 0.9989 of the total norm (target mean_total=32.0). Increase max_photons.
  state = make_two_mode_squeezed_vacuum(mean_total, max_photons)
  N=32 (16/20) [16.3s] dt_min=0.000250487
/home/miguel/Git/notebooks/reports/20260629/cavity_enhanced_tmsv_mzi.py:130: UserWarning: TMSV truncation at M=100 captures only 0.9984 of the total norm (target mean_total=34.0). Increase max_photons.
  state = make_two_mode_squeezed_vacuum(mean_total, max_photons)
  N=34 (17/20) [16.4s] dt_min=0.000246024
/home/miguel/Git/notebooks/reports/20260629/cavity_enhanced_tmsv_mzi.py:130: UserWarning: TMSV truncation at M=100 captures only 0.9979 of the total norm (target mean_total=36.0). Increase max_photons.
  state = make_two_mode_squeezed_vacuum(mean_total, max_photons)
  N=36 (18/20) [15.1s] dt_min=0.000242265
/home/miguel/Git/notebooks/reports/20260629/cavity_enhanced_tmsv_mzi.py:130: UserWarning: TMSV truncation at M=100 captures only 0.9972 of the total norm (target mean_total=38.0). Increase max_photons.
  state = make_two_mode_squeezed_vacuum(mean_total, max_photons)
  N=38 (19/20) [14.8s] dt_min=0.000239085
/home/miguel/Git/notebooks/reports/20260629/cavity_enhanced_tmsv_mzi.py:130: UserWarning: TMSV truncation at M=100 captures only 0.9964 of the total norm (target mean_total=40.0). Increase max_photons.
  state = make_two_mode_squeezed_vacuum(mean_total, max_photons)
  N=40 (20/20) [14.8s] dt_min=0.000236382
  Saved partial F=20 to reports/20260629/raw_data/partial/F20.parquet
  ℱ=20 total: 210.0s (3.5m)

=== ℱ=50 (6/10) ===
  N=2 (1/20) [1.1s] dt_min=0.000911459
  N=4 (2/20) [0.4s] dt_min=0.000484558
  N=6 (3/20) [0.4s] dt_min=0.000328005
  N=8 (4/20) [1.0s] dt_min=0.000254573
  N=10 (5/20) [1.7s] dt_min=0.000210055
  N=12 (6/20) [2.9s] dt_min=0.000180677
  N=14 (7/20) [4.6s] dt_min=0.000159598
  N=16 (8/20) [9.5s] dt_min=0.000143837
  N=18 (9/20) [11.9s] dt_min=0.000131762
  N=20 (10/20) [16.4s] dt_min=0.000122482
  N=22 (11/20) [16.2s] dt_min=0.000116551
  N=24 (12/20) [16.3s] dt_min=0.000111827
  N=26 (13/20) [16.2s] dt_min=0.000108014
  N=28 (14/20) [16.5s] dt_min=0.000104901
  N=30 (15/20) [16.1s] dt_min=0.000102334
/home/miguel/Git/notebooks/reports/20260629/cavity_enhanced_tmsv_mzi.py:130: UserWarning: TMSV truncation at M=100 captures only 0.9989 of the total norm (target mean_total=32.0). Increase max_photons.
  state = make_two_mode_squeezed_vacuum(mean_total, max_photons)
  N=32 (16/20) [16.0s] dt_min=0.000100201
/home/miguel/Git/notebooks/reports/20260629/cavity_enhanced_tmsv_mzi.py:130: UserWarning: TMSV truncation at M=100 captures only 0.9984 of the total norm (target mean_total=34.0). Increase max_photons.
  state = make_two_mode_squeezed_vacuum(mean_total, max_photons)
  N=34 (17/20) [16.6s] dt_min=9.84152e-05
/home/miguel/Git/notebooks/reports/20260629/cavity_enhanced_tmsv_mzi.py:130: UserWarning: TMSV truncation at M=100 captures only 0.9979 of the total norm (target mean_total=36.0). Increase max_photons.
  state = make_two_mode_squeezed_vacuum(mean_total, max_photons)
  N=36 (18/20) [15.0s] dt_min=9.69119e-05
/home/miguel/Git/notebooks/reports/20260629/cavity_enhanced_tmsv_mzi.py:130: UserWarning: TMSV truncation at M=100 captures only 0.9972 of the total norm (target mean_total=38.0). Increase max_photons.
  state = make_two_mode_squeezed_vacuum(mean_total, max_photons)
  N=38 (19/20) [15.1s] dt_min=9.56399e-05
/home/miguel/Git/notebooks/reports/20260629/cavity_enhanced_tmsv_mzi.py:130: UserWarning: TMSV truncation at M=100 captures only 0.9964 of the total norm (target mean_total=40.0). Increase max_photons.
  state = make_two_mode_squeezed_vacuum(mean_total, max_photons)
  N=40 (20/20) [15.1s] dt_min=9.45588e-05
  Saved partial F=50 to reports/20260629/raw_data/partial/F50.parquet
  ℱ=50 total: 210.3s (3.5m)

=== ℱ=100 (7/10) ===
  N=2 (1/20) [1.0s] dt_min=0.000455732
  N=4 (2/20) [0.3s] dt_min=0.000242283
  N=6 (3/20) [0.5s] dt_min=0.000164007
  N=8 (4/20) [1.1s] dt_min=0.000127293
  N=10 (5/20) [1.8s] dt_min=0.000105035
  N=12 (6/20) [3.0s] dt_min=9.03463e-05
  N=14 (7/20) [4.5s] dt_min=7.98071e-05
  N=16 (8/20) [9.4s] dt_min=7.19268e-05
  N=18 (9/20) [12.2s] dt_min=6.58894e-05
  N=20 (10/20) [15.9s] dt_min=6.12497e-05
  N=22 (11/20) [16.2s] dt_min=5.82844e-05
  N=24 (12/20) [16.3s] dt_min=5.59228e-05
  N=26 (13/20) [16.1s] dt_min=5.40165e-05
  N=28 (14/20) [16.4s] dt_min=5.246e-05
  N=30 (15/20) [16.4s] dt_min=5.11769e-05
/home/miguel/Git/notebooks/reports/20260629/cavity_enhanced_tmsv_mzi.py:130: UserWarning: TMSV truncation at M=100 captures only 0.9989 of the total norm (target mean_total=32.0). Increase max_photons.
  state = make_two_mode_squeezed_vacuum(mean_total, max_photons)
  N=32 (16/20) [16.8s] dt_min=5.01104e-05
/home/miguel/Git/notebooks/reports/20260629/cavity_enhanced_tmsv_mzi.py:130: UserWarning: TMSV truncation at M=100 captures only 0.9984 of the total norm (target mean_total=34.0). Increase max_photons.
  state = make_two_mode_squeezed_vacuum(mean_total, max_photons)
  N=34 (17/20) [16.5s] dt_min=4.92178e-05
/home/miguel/Git/notebooks/reports/20260629/cavity_enhanced_tmsv_mzi.py:130: UserWarning: TMSV truncation at M=100 captures only 0.9979 of the total norm (target mean_total=36.0). Increase max_photons.
  state = make_two_mode_squeezed_vacuum(mean_total, max_photons)
  N=36 (18/20) [15.1s] dt_min=4.84664e-05
/home/miguel/Git/notebooks/reports/20260629/cavity_enhanced_tmsv_mzi.py:130: UserWarning: TMSV truncation at M=100 captures only 0.9972 of the total norm (target mean_total=38.0). Increase max_photons.
  state = make_two_mode_squeezed_vacuum(mean_total, max_photons)
  N=38 (19/20) [14.6s] dt_min=4.78305e-05
/home/miguel/Git/notebooks/reports/20260629/cavity_enhanced_tmsv_mzi.py:130: UserWarning: TMSV truncation at M=100 captures only 0.9964 of the total norm (target mean_total=40.0). Increase max_photons.
  state = make_two_mode_squeezed_vacuum(mean_total, max_photons)
  N=40 (20/20) [14.8s] dt_min=4.72901e-05
  Saved partial F=100 to reports/20260629/raw_data/partial/F100.parquet
  ℱ=100 total: 210.4s (3.5m)

=== ℱ=200 (8/10) ===
  N=2 (1/20) [1.3s] dt_min=0.000227869
  N=4 (2/20) [0.2s] dt_min=0.000121148
  N=6 (3/20) [0.5s] dt_min=8.20135e-05
  N=8 (4/20) [0.9s] dt_min=6.36586e-05
  N=10 (5/20) [1.7s] dt_min=5.25315e-05
  N=12 (6/20) [2.9s] dt_min=4.51884e-05
  N=14 (7/20) [4.4s] dt_min=3.99194e-05
  N=16 (8/20) [9.2s] dt_min=3.59797e-05
  N=18 (9/20) [12.0s] dt_min=3.29613e-05
  N=20 (10/20) [16.8s] dt_min=3.06418e-05
  N=22 (11/20) [16.0s] dt_min=2.91599e-05
  N=24 (12/20) [16.4s] dt_min=2.79798e-05
  N=26 (13/20) [16.3s] dt_min=2.70271e-05
  N=28 (14/20) [16.3s] dt_min=2.62494e-05
  N=30 (15/20) [16.1s] dt_min=2.56082e-05
/home/miguel/Git/notebooks/reports/20260629/cavity_enhanced_tmsv_mzi.py:130: UserWarning: TMSV truncation at M=100 captures only 0.9989 of the total norm (target mean_total=32.0). Increase max_photons.
  state = make_two_mode_squeezed_vacuum(mean_total, max_photons)
  N=32 (16/20) [16.7s] dt_min=2.50754e-05
/home/miguel/Git/notebooks/reports/20260629/cavity_enhanced_tmsv_mzi.py:130: UserWarning: TMSV truncation at M=100 captures only 0.9984 of the total norm (target mean_total=34.0). Increase max_photons.
  state = make_two_mode_squeezed_vacuum(mean_total, max_photons)
  N=34 (17/20) [16.5s] dt_min=2.46295e-05
/home/miguel/Git/notebooks/reports/20260629/cavity_enhanced_tmsv_mzi.py:130: UserWarning: TMSV truncation at M=100 captures only 0.9979 of the total norm (target mean_total=36.0). Increase max_photons.
  state = make_two_mode_squeezed_vacuum(mean_total, max_photons)
  N=36 (18/20) [14.9s] dt_min=2.42541e-05
/home/miguel/Git/notebooks/reports/20260629/cavity_enhanced_tmsv_mzi.py:130: UserWarning: TMSV truncation at M=100 captures only 0.9972 of the total norm (target mean_total=38.0). Increase max_photons.
  state = make_two_mode_squeezed_vacuum(mean_total, max_photons)
  N=38 (19/20) [14.4s] dt_min=2.39364e-05
/home/miguel/Git/notebooks/reports/20260629/cavity_enhanced_tmsv_mzi.py:130: UserWarning: TMSV truncation at M=100 captures only 0.9964 of the total norm (target mean_total=40.0). Increase max_photons.
  state = make_two_mode_squeezed_vacuum(mean_total, max_photons)
  N=40 (20/20) [14.6s] dt_min=2.36665e-05
  Saved partial F=200 to reports/20260629/raw_data/partial/F200.parquet
  ℱ=200 total: 209.6s (3.5m)

=== ℱ=500 (9/10) ===
  N=2 (1/20) [0.1s] dt_min=9.11581e-05
  N=4 (2/20) [1.1s] dt_min=4.84776e-05
  N=6 (3/20) [0.9s] dt_min=3.2833e-05
  N=8 (4/20) [1.0s] dt_min=2.54979e-05
  N=10 (5/20) [1.8s] dt_min=2.10522e-05
  N=12 (6/20) [2.8s] dt_min=1.8118e-05
  N=14 (7/20) [4.5s] dt_min=1.60122e-05
  N=16 (8/20) [9.7s] dt_min=1.44374e-05
  N=18 (9/20) [11.9s] dt_min=1.3231e-05
  N=20 (10/20) [16.2s] dt_min=1.23042e-05
  N=22 (11/20) [16.3s] dt_min=1.17135e-05
  N=24 (12/20) [16.3s] dt_min=1.12432e-05
  N=26 (13/20) [16.2s] dt_min=1.08637e-05
  N=28 (14/20) [16.1s] dt_min=1.0554e-05
  N=30 (15/20) [16.5s] dt_min=1.02988e-05
/home/miguel/Git/notebooks/reports/20260629/cavity_enhanced_tmsv_mzi.py:130: UserWarning: TMSV truncation at M=100 captures only 0.9989 of the total norm (target mean_total=32.0). Increase max_photons.
  state = make_two_mode_squeezed_vacuum(mean_total, max_photons)
  N=32 (16/20) [16.0s] dt_min=1.00867e-05
/home/miguel/Git/notebooks/reports/20260629/cavity_enhanced_tmsv_mzi.py:130: UserWarning: TMSV truncation at M=100 captures only 0.9984 of the total norm (target mean_total=34.0). Increase max_photons.
  state = make_two_mode_squeezed_vacuum(mean_total, max_photons)
  N=34 (17/20) [15.9s] dt_min=9.90937e-06
/home/miguel/Git/notebooks/reports/20260629/cavity_enhanced_tmsv_mzi.py:130: UserWarning: TMSV truncation at M=100 captures only 0.9979 of the total norm (target mean_total=36.0). Increase max_photons.
  state = make_two_mode_squeezed_vacuum(mean_total, max_photons)
  N=36 (18/20) [16.3s] dt_min=9.76012e-06
/home/miguel/Git/notebooks/reports/20260629/cavity_enhanced_tmsv_mzi.py:130: UserWarning: TMSV truncation at M=100 captures only 0.9972 of the total norm (target mean_total=38.0). Increase max_photons.
  state = make_two_mode_squeezed_vacuum(mean_total, max_photons)
  N=38 (19/20) [14.6s] dt_min=9.63392e-06
/home/miguel/Git/notebooks/reports/20260629/cavity_enhanced_tmsv_mzi.py:130: UserWarning: TMSV truncation at M=100 captures only 0.9964 of the total norm (target mean_total=40.0). Increase max_photons.
  state = make_two_mode_squeezed_vacuum(mean_total, max_photons)
  N=40 (20/20) [14.9s] dt_min=9.52675e-06
  Saved partial F=500 to reports/20260629/raw_data/partial/F500.parquet
  ℱ=500 total: 210.4s (3.5m)

=== ℱ=1000 (10/10) ===
  N=2 (1/20) [0.1s] dt_min=4.55975e-05
  N=4 (2/20) [1.1s] dt_min=2.42719e-05
  N=6 (3/20) [0.6s] dt_min=1.64658e-05
  N=8 (4/20) [1.0s] dt_min=1.28105e-05
  N=10 (5/20) [1.7s] dt_min=1.05968e-05
  N=12 (6/20) [2.9s] dt_min=9.13484e-06
  N=14 (7/20) [4.6s] dt_min=8.08484e-06
  N=16 (8/20) [9.4s] dt_min=7.29946e-06
  N=18 (9/20) [12.6s] dt_min=6.69784e-06
  N=20 (10/20) [16.2s] dt_min=6.23641e-06
  N=22 (11/20) [16.9s] dt_min=5.94491e-06
  N=24 (12/20) [17.1s] dt_min=5.7131e-06
  N=26 (13/20) [16.4s] dt_min=5.52627e-06
  N=28 (14/20) [16.4s] dt_min=5.37399e-06
  N=30 (15/20) [16.2s] dt_min=5.24869e-06
/home/miguel/Git/notebooks/reports/20260629/cavity_enhanced_tmsv_mzi.py:130: UserWarning: TMSV truncation at M=100 captures only 0.9989 of the total norm (target mean_total=32.0). Increase max_photons.
  state = make_two_mode_squeezed_vacuum(mean_total, max_photons)
  N=32 (16/20) [16.1s] dt_min=5.14476e-06
/home/miguel/Git/notebooks/reports/20260629/cavity_enhanced_tmsv_mzi.py:130: UserWarning: TMSV truncation at M=100 captures only 0.9984 of the total norm (target mean_total=34.0). Increase max_photons.
  state = make_two_mode_squeezed_vacuum(mean_total, max_photons)
  N=34 (17/20) [14.8s] dt_min=5.05799e-06
/home/miguel/Git/notebooks/reports/20260629/cavity_enhanced_tmsv_mzi.py:130: UserWarning: TMSV truncation at M=100 captures only 0.9979 of the total norm (target mean_total=36.0). Increase max_photons.
  state = make_two_mode_squeezed_vacuum(mean_total, max_photons)
  N=36 (18/20) [15.1s] dt_min=4.98511e-06
/home/miguel/Git/notebooks/reports/20260629/cavity_enhanced_tmsv_mzi.py:130: UserWarning: TMSV truncation at M=100 captures only 0.9972 of the total norm (target mean_total=38.0). Increase max_photons.
  state = make_two_mode_squeezed_vacuum(mean_total, max_photons)
  N=38 (19/20) [15.3s] dt_min=4.92363e-06
/home/miguel/Git/notebooks/reports/20260629/cavity_enhanced_tmsv_mzi.py:130: UserWarning: TMSV truncation at M=100 captures only 0.9964 of the total norm (target mean_total=40.0). Increase max_photons.
  state = make_two_mode_squeezed_vacuum(mean_total, max_photons)
  N=40 (20/20) [15.2s] dt_min=4.87154e-06
  Saved partial F=1000 to reports/20260629/raw_data/partial/F1000.parquet
  ℱ=1000 total: 211.4s (3.5m)

=== Combining 10 partial results ===

✓ Final: 10000 rows (20 N values × 10 F values × 50 ω points)
✓ Saved to reports/20260629/raw_data/20260629-cavity_tmsv_sensitivity.parquet

Total: 2123.6s (35.4m)
